<?xml version="1.0" encoding="UTF-8"?>
<!-- Generated by org.testng.reporters.JUnitReportReporter -->
<testsuite skipped="0" hostname="AT-EK-LTPM018-Soni.local" name="com.ekincare.VirtualDevice" tests="1" failures="0" timestamp="2020-02-11T16:27:08 IST" time="57.866" errors="0">
  <testcase name="beginTest" time="57.866" classname="com.ekincare.VirtualDevice"/>
</testsuite> <!-- com.ekincare.VirtualDevice -->
