<?xml version="1.0" encoding="UTF-8"?>
<!-- Generated by org.testng.reporters.JUnitReportReporter -->
<testsuite skipped="0" hostname="DESKTOP-74L2JAA" name="com.ekincare.selenium.health.Insights" tests="1" failures="0" timestamp="2020-03-11T15:33:58 IST" time="36.847" errors="0">
  <testcase name="healthInsi" time="36.847" classname="com.ekincare.selenium.health.Insights"/>
</testsuite> <!-- com.ekincare.selenium.health.Insights -->
