<?xml version="1.0" encoding="UTF-8"?>
<!-- Generated by org.testng.reporters.JUnitReportReporter -->
<testsuite skipped="0" hostname="DESKTOP-74L2JAA" name="com.ekincare.selenium.benefits.TalkWithFamilyDoctor" tests="4" failures="0" timestamp="2020-03-11T15:33:58 IST" time="276.179" errors="0">
  <testcase name="scheduleReschedule" time="65.993" classname="com.ekincare.selenium.benefits.TalkWithFamilyDoctor"/>
  <testcase name="scheduleCancel" time="55.841" classname="com.ekincare.selenium.benefits.TalkWithFamilyDoctor"/>
  <testcase name="scheduleplusReschudleplusCancel" time="98.253" classname="com.ekincare.selenium.benefits.TalkWithFamilyDoctor"/>
  <testcase name="WithFamilymemberschedule" time="56.092" classname="com.ekincare.selenium.benefits.TalkWithFamilyDoctor"/>
</testsuite> <!-- com.ekincare.selenium.benefits.TalkWithFamilyDoctor -->
