<?xml version="1.0" encoding="UTF-8"?>
<!-- Generated by org.testng.reporters.JUnitReportReporter -->
<testsuite skipped="0" hostname="DESKTOP-74L2JAA" name="com.ekincare.selenium.homePage.HomePage" tests="1" failures="0" timestamp="2020-03-16T12:49:35 IST" time="64.504" errors="0">
  <testcase name="Visioncheckups" time="64.504" classname="com.ekincare.selenium.homePage.HomePage"/>
</testsuite> <!-- com.ekincare.selenium.homePage.HomePage -->
