<?xml version="1.0" encoding="UTF-8"?>
<!-- Generated by org.testng.reporters.JUnitReportReporter -->
<testsuite skipped="0" hostname="DESKTOP-74L2JAA" name="com.ekincare.seleniumBenefits.TalkWithFamilyDoctor" tests="4" failures="0" timestamp="2020-03-05T14:03:09 IST" time="315.763" errors="0">
  <testcase name="scheduleReschedule" time="100.621" classname="com.ekincare.seleniumBenefits.TalkWithFamilyDoctor"/>
  <testcase name="scheduleCancel" time="58.754" classname="com.ekincare.seleniumBenefits.TalkWithFamilyDoctor"/>
  <testcase name="schedule" time="99.370" classname="com.ekincare.seleniumBenefits.TalkWithFamilyDoctor"/>
  <testcase name="WithFamilymemberschedule" time="57.018" classname="com.ekincare.seleniumBenefits.TalkWithFamilyDoctor"/>
</testsuite> <!-- com.ekincare.seleniumBenefits.TalkWithFamilyDoctor -->
