<?xml version="1.0" encoding="UTF-8"?>
<!-- Generated by org.testng.reporters.JUnitReportReporter -->
<testsuite skipped="1" hostname="DESKTOP-74L2JAA" name="com.ekincare.selenium.HealthSelfTwoDepn" tests="1" failures="0" timestamp="2020-02-20T16:35:25 IST" time="0.000" errors="0">
  <testcase name="healthselftwodepn" time="0.000" classname="com.ekincare.selenium.HealthSelfTwoDepn">
    <skipped/>
  </testcase> <!-- healthselftwodepn -->
</testsuite> <!-- com.ekincare.selenium.HealthSelfTwoDepn -->
