<?xml version="1.0" encoding="UTF-8"?>
<!-- Generated by org.testng.reporters.JUnitReportReporter -->
<testsuite skipped="0" hostname="DESKTOP-74L2JAA" name="com.ekincare.seleniumCustomerProfile.AddFamilyMembers" tests="1" failures="0" timestamp="2020-03-05T14:48:39 IST" time="52.085" errors="0">
  <testcase name="AddFamily" time="52.085" classname="com.ekincare.seleniumCustomerProfile.AddFamilyMembers"/>
</testsuite> <!-- com.ekincare.seleniumCustomerProfile.AddFamilyMembers -->
