<?xml version="1.0" encoding="UTF-8"?>
<!-- Generated by org.testng.reporters.JUnitReportReporter -->
<testsuite skipped="0" hostname="DESKTOP-74L2JAA" name="com.ekincare.seleniumHealth.Insights" tests="1" failures="0" timestamp="2020-03-04T13:38:14 IST" time="36.770" errors="0">
  <testcase name="healthInsi" time="36.770" classname="com.ekincare.seleniumHealth.Insights"/>
</testsuite> <!-- com.ekincare.seleniumHealth.Insights -->
