<?xml version="1.0" encoding="UTF-8"?>
<!-- Generated by org.testng.reporters.JUnitReportReporter -->
<testsuite skipped="0" hostname="DESKTOP-74L2JAA" name="com.ekincare.seleniumImprove.Challenges" tests="3" failures="0" timestamp="2020-03-05T15:52:09 IST" time="129.127" errors="0">
  <testcase name="improve" time="40.868" classname="com.ekincare.seleniumImprove.Challenges"/>
  <testcase name="improveStop" time="44.126" classname="com.ekincare.seleniumImprove.Challenges"/>
  <testcase name="improveRestart" time="44.133" classname="com.ekincare.seleniumImprove.Challenges"/>
</testsuite> <!-- com.ekincare.seleniumImprove.Challenges -->
