<?xml version="1.0" encoding="UTF-8"?>
<!-- Generated by org.testng.reporters.JUnitReportReporter -->
<testsuite skipped="0" hostname="DESKTOP-74L2JAA" name="com.ekincare.selenium.benefits.OrderMedicine" tests="23" failures="0" timestamp="2020-03-11T15:33:58 IST" time="1561.500" errors="0">
  <testcase name="pastuploadself" time="62.946" classname="com.ekincare.selenium.benefits.OrderMedicine"/>
  <testcase name="pastuploadselfwithaddress" time="83.298" classname="com.ekincare.selenium.benefits.OrderMedicine"/>
  <testcase name="pastuploadselfeditaddress" time="78.776" classname="com.ekincare.selenium.benefits.OrderMedicine"/>
  <testcase name="pastuploadselfDeleteplusAddaddress" time="66.765" classname="com.ekincare.selenium.benefits.OrderMedicine"/>
  <testcase name="pastuploadselfdeleteaddress" time="49.620" classname="com.ekincare.selenium.benefits.OrderMedicine"/>
  <testcase name="pastuploadFamilywithoutaddress" time="99.252" classname="com.ekincare.selenium.benefits.OrderMedicine"/>
  <testcase name="pastuploadFamilywithaddress" time="68.123" classname="com.ekincare.selenium.benefits.OrderMedicine"/>
  <testcase name="pastuploadFamilyEditaddress" time="79.147" classname="com.ekincare.selenium.benefits.OrderMedicine"/>
  <testcase name="pastuploadFamilyDeletePlusAddaddress" time="102.279" classname="com.ekincare.selenium.benefits.OrderMedicine"/>
  <testcase name="pastuploadFamilydeleteaddress" time="50.925" classname="com.ekincare.selenium.benefits.OrderMedicine"/>
  <testcase name="pastuploadSelfFamilywithoutaddress" time="100.774" classname="com.ekincare.selenium.benefits.OrderMedicine"/>
  <testcase name="pastuploadSelfFamilywithaddress" time="70.056" classname="com.ekincare.selenium.benefits.OrderMedicine"/>
  <testcase name="pastuploadSelfFamilyDeletePlusAddaddress" time="105.481" classname="com.ekincare.selenium.benefits.OrderMedicine"/>
  <testcase name="pastuploadSelfFamilydeleteaddress" time="52.388" classname="com.ekincare.selenium.benefits.OrderMedicine"/>
  <testcase name="ordermedicinenamewithoutaddress" time="61.490" classname="com.ekincare.selenium.benefits.OrderMedicine"/>
  <testcase name="ordermedicinenamewithaddress" time="49.174" classname="com.ekincare.selenium.benefits.OrderMedicine"/>
  <testcase name="ordermedicinenameEditaddress" time="59.363" classname="com.ekincare.selenium.benefits.OrderMedicine"/>
  <testcase name="ordermedicinenameDeletePlusAddAddress" time="66.362" classname="com.ekincare.selenium.benefits.OrderMedicine"/>
  <testcase name="ordermedicinenameDeleteAddress" time="49.659" classname="com.ekincare.selenium.benefits.OrderMedicine"/>
  <testcase name="uploadmedicinewithoutaddress" time="58.140" classname="com.ekincare.selenium.benefits.OrderMedicine"/>
  <testcase name="uploadmedicinewithaddress" time="43.672" classname="com.ekincare.selenium.benefits.OrderMedicine"/>
  <testcase name="uploadmedicineDeleteAddaddress" time="60.650" classname="com.ekincare.selenium.benefits.OrderMedicine"/>
  <testcase name="uploadmedicineDeleteaddress" time="43.160" classname="com.ekincare.selenium.benefits.OrderMedicine"/>
</testsuite> <!-- com.ekincare.selenium.benefits.OrderMedicine -->
