<?xml version="1.0" encoding="UTF-8"?>
<!-- Generated by org.testng.reporters.JUnitReportReporter -->
<testsuite skipped="0" hostname="DESKTOP-74L2JAA" name="com.ekincare.seleniumHealth.MedicalReports" tests="1" failures="0" timestamp="2020-03-05T14:07:01 IST" time="62.213" errors="0">
  <testcase name="healthMR" time="62.213" classname="com.ekincare.seleniumHealth.MedicalReports"/>
</testsuite> <!-- com.ekincare.seleniumHealth.MedicalReports -->
