<?xml version="1.0" encoding="UTF-8"?>
<!-- Generated by org.testng.reporters.JUnitReportReporter -->
<testsuite skipped="1" hostname="DESKTOP-74L2JAA" name="com.ekincare.selenium.BenefitsFamily" tests="1" failures="0" timestamp="2020-02-20T16:35:26 IST" time="0.000" errors="0">
  <testcase name="benefitsfamily" time="0.000" classname="com.ekincare.selenium.BenefitsFamily">
    <skipped/>
  </testcase> <!-- benefitsfamily -->
</testsuite> <!-- com.ekincare.selenium.BenefitsFamily -->
