<?xml version="1.0" encoding="UTF-8"?>
<!-- Generated by org.testng.reporters.JUnitReportReporter -->
<testsuite skipped="0" hostname="DESKTOP-74L2JAA" name="com.ekincare.selenium.improve.Events" tests="3" failures="0" timestamp="2020-03-11T15:33:58 IST" time="143.254" errors="0">
  <testcase name="eventsGoing" time="50.555" classname="com.ekincare.selenium.improve.Events"/>
  <testcase name="eventsnotGoing" time="46.432" classname="com.ekincare.selenium.improve.Events"/>
  <testcase name="eventsNotsure" time="46.267" classname="com.ekincare.selenium.improve.Events"/>
</testsuite> <!-- com.ekincare.selenium.improve.Events -->
