<?xml version="1.0" encoding="UTF-8"?>
<!-- Generated by org.testng.reporters.JUnitReportReporter -->
<testsuite skipped="0" hostname="DESKTOP-74L2JAA" name="com.ekincare.selenium.HealthInsights" tests="1" failures="0" timestamp="2020-03-03T10:36:47 IST" time="20.296" errors="0">
  <testcase name="healthInsi" time="20.296" classname="com.ekincare.selenium.HealthInsights"/>
</testsuite> <!-- com.ekincare.selenium.HealthInsights -->
