<?xml version="1.0" encoding="UTF-8"?>
<!-- Generated by org.testng.reporters.JUnitReportReporter -->
<testsuite skipped="2" hostname="DESKTOP-74L2JAA" name="com.ekincare.selenium.OrderMedUpload" tests="2" failures="0" timestamp="2020-02-20T16:35:25 IST" time="0.000" errors="0">
  <testcase name="uploadmedicinewithoutaddress" time="0.000" classname="com.ekincare.selenium.OrderMedUpload">
    <skipped/>
  </testcase> <!-- uploadmedicinewithoutaddress -->
  <testcase name="ordermedicine" time="0.000" classname="com.ekincare.selenium.OrderMedUpload">
    <skipped/>
  </testcase> <!-- ordermedicine -->
</testsuite> <!-- com.ekincare.selenium.OrderMedUpload -->
