<?xml version="1.0" encoding="UTF-8"?>
<!-- Generated by org.testng.reporters.JUnitReportReporter -->
<testsuite skipped="0" hostname="DESKTOP-74L2JAA" name="com.ekincare.selenium.benefits.TalkWithDocBenefits" tests="5" failures="0" timestamp="2020-03-11T15:33:58 IST" time="401.953" errors="0">
  <testcase name="TalkwithDoc" time="64.034" classname="com.ekincare.selenium.benefits.TalkWithDocBenefits"/>
  <testcase name="TalkwithDocWithFamilyMember" time="69.837" classname="com.ekincare.selenium.benefits.TalkWithDocBenefits"/>
  <testcase name="TalkwithDocwithAddFamilyMember" time="108.405" classname="com.ekincare.selenium.benefits.TalkWithDocBenefits"/>
  <testcase name="TalkwithDocwithouFamilyHomepage" time="79.182" classname="com.ekincare.selenium.benefits.TalkWithDocBenefits"/>
  <testcase name="TalkwithDocwithFamilyHomepage" time="80.495" classname="com.ekincare.selenium.benefits.TalkWithDocBenefits"/>
</testsuite> <!-- com.ekincare.selenium.benefits.TalkWithDocBenefits -->
