<?xml version="1.0" encoding="UTF-8"?>
<!-- Generated by org.testng.reporters.JUnitReportReporter -->
<testsuite skipped="0" hostname="DESKTOP-74L2JAA" name="com.ekincare.selenium.OrderMedecineCheckBox" tests="1" failures="0" timestamp="2020-02-20T17:59:08 IST" time="42.664" errors="0">
  <testcase name="ordermedicine" time="42.664" classname="com.ekincare.selenium.OrderMedecineCheckBox"/>
</testsuite> <!-- com.ekincare.selenium.OrderMedecineCheckBox -->
