<?xml version="1.0" encoding="UTF-8"?>
<!-- Generated by org.testng.reporters.JUnitReportReporter -->
<testsuite skipped="0" hostname="DESKTOP-74L2JAA" name="com.ekincare.selenium.improve.Challenges" tests="3" failures="0" timestamp="2020-03-11T15:33:58 IST" time="130.202" errors="0">
  <testcase name="improve" time="40.506" classname="com.ekincare.selenium.improve.Challenges"/>
  <testcase name="improveStop" time="44.838" classname="com.ekincare.selenium.improve.Challenges"/>
  <testcase name="improveRestart" time="44.858" classname="com.ekincare.selenium.improve.Challenges"/>
</testsuite> <!-- com.ekincare.selenium.improve.Challenges -->
