<?xml version="1.0" encoding="UTF-8"?>
<!-- Generated by org.testng.reporters.JUnitReportReporter -->
<testsuite skipped="0" hostname="DESKTOP-74L2JAA" name="com.ekincare.seleniumBenefits.DentalCheckups" tests="1" failures="0" timestamp="2020-03-04T13:37:23 IST" time="38.120" errors="0">
  <testcase name="dental" time="38.120" classname="com.ekincare.seleniumBenefits.DentalCheckups"/>
</testsuite> <!-- com.ekincare.seleniumBenefits.DentalCheckups -->
