<?xml version="1.0" encoding="UTF-8"?>
<!-- Generated by org.testng.reporters.JUnitReportReporter -->
<testsuite skipped="0" hostname="DESKTOP-74L2JAA" name="com.ekincare.selenium.TalkWithDocBenefits" tests="4" failures="0" timestamp="2020-02-27T18:43:30 IST" time="208.916" errors="0">
  <testcase name="TalkwithDoc" time="64.154" classname="com.ekincare.selenium.TalkWithDocBenefits"/>
  <testcase name="TalkwithDocwithFamily" time="43.938" classname="com.ekincare.selenium.TalkWithDocBenefits"/>
  <testcase name="TalkwithDocwithouFamilyHomepage" time="60.503" classname="com.ekincare.selenium.TalkWithDocBenefits"/>
  <testcase name="TalkwithDocwithFamilyHomepage" time="40.321" classname="com.ekincare.selenium.TalkWithDocBenefits"/>
</testsuite> <!-- com.ekincare.selenium.TalkWithDocBenefits -->
