<?xml version="1.0" encoding="UTF-8"?>
<!-- Generated by org.testng.reporters.JUnitReportReporter -->
<testsuite skipped="0" hostname="DESKTOP-74L2JAA" name="com.ekincare.seleniumHomePage.HomePage" tests="3" failures="0" timestamp="2020-03-05T14:28:26 IST" time="167.345" errors="0">
  <testcase name="talkWithDoctor" time="51.425" classname="com.ekincare.seleniumHomePage.HomePage"/>
  <testcase name="HealthCheckups" time="55.929" classname="com.ekincare.seleniumHomePage.HomePage"/>
  <testcase name="orderMedicinepastuploadself" time="59.991" classname="com.ekincare.seleniumHomePage.HomePage"/>
</testsuite> <!-- com.ekincare.seleniumHomePage.HomePage -->
