<?xml version="1.0" encoding="UTF-8"?>
<!-- Generated by org.testng.reporters.JUnitReportReporter -->
<testsuite skipped="0" hostname="DESKTOP-74L2JAA" name="com.ekincare.selenium.Benefits" tests="2" failures="0" timestamp="2020-02-28T12:31:06 IST" time="107.219" errors="0">
  <testcase name="selfBenefits" time="52.811" classname="com.ekincare.selenium.Benefits"/>
  <testcase name="FamilyselfBenefits" time="54.408" classname="com.ekincare.selenium.Benefits"/>
</testsuite> <!-- com.ekincare.selenium.Benefits -->
