<?xml version="1.0" encoding="UTF-8"?>
<!-- Generated by org.testng.reporters.JUnitReportReporter -->
<testsuite skipped="0" hostname="DESKTOP-74L2JAA" name="com.ekincare.selenium.DentalCheckUps" tests="1" failures="0" timestamp="2020-02-25T10:18:31 IST" time="46.412" errors="0">
  <testcase name="dentalcheckups" time="46.412" classname="com.ekincare.selenium.DentalCheckUps"/>
</testsuite> <!-- com.ekincare.selenium.DentalCheckUps -->
