<?xml version="1.0" encoding="UTF-8"?>
<!-- Generated by org.testng.reporters.JUnitReportReporter -->
<testsuite skipped="0" hostname="DESKTOP-74L2JAA" name="com.ekincare.selenium.Login" tests="1" failures="0" timestamp="2020-02-27T11:42:36 IST" time="3.134" errors="0">
  <testcase name="Validcred" time="3.134" classname="com.ekincare.selenium.Login"/>
</testsuite> <!-- com.ekincare.selenium.Login -->
