<?xml version="1.0" encoding="UTF-8"?>
<!-- Generated by org.testng.reporters.JUnitReportReporter -->
<testsuite skipped="0" hostname="DESKTOP-74L2JAA" name="com.ekincare.selenium.OrderMedName" tests="4" failures="0" timestamp="2020-02-24T11:36:52 IST" time="124.407" errors="0">
  <testcase name="ordermedicinewithoutaddress" time="39.389" classname="com.ekincare.selenium.OrderMedName"/>
  <testcase name="ordermedicineEditaddress" time="35.827" classname="com.ekincare.selenium.OrderMedName"/>
  <testcase name="ordermedicine" time="24.757" classname="com.ekincare.selenium.OrderMedName"/>
  <testcase name="ordermedicineDeleteAddress" time="24.434" classname="com.ekincare.selenium.OrderMedName"/>
</testsuite> <!-- com.ekincare.selenium.OrderMedName -->
