<?xml version="1.0" encoding="UTF-8"?>
<!-- Generated by org.testng.reporters.JUnitReportReporter -->
<testsuite skipped="0" hostname="DESKTOP-74L2JAA" name="com.ekincare.seleniumHomePage.DentalCheckUps" tests="1" failures="0" timestamp="2020-03-02T10:32:28 IST" time="80.898" errors="0">
  <testcase name="pastuploadself" time="80.898" classname="com.ekincare.seleniumHomePage.DentalCheckUps"/>
</testsuite> <!-- com.ekincare.seleniumHomePage.DentalCheckUps -->
