<?xml version="1.0" encoding="UTF-8"?>
<!-- Generated by org.testng.reporters.JUnitReportReporter -->
<testsuite skipped="0" hostname="DESKTOP-74L2JAA" name="com.ekincare.selenium.benefits.DentalCheckups" tests="1" failures="0" timestamp="2020-03-11T15:33:58 IST" time="64.998" errors="0">
  <testcase name="dental" time="64.998" classname="com.ekincare.selenium.benefits.DentalCheckups"/>
</testsuite> <!-- com.ekincare.selenium.benefits.DentalCheckups -->
