<?xml version="1.0" encoding="UTF-8"?>
<!-- Generated by org.testng.reporters.JUnitReportReporter -->
<testsuite skipped="0" hostname="DESKTOP-74L2JAA" name="com.ekincare.seleniumBenefits.AnnualHealthCheck" tests="1" failures="0" timestamp="2020-03-05T12:07:52 IST" time="74.591" errors="0">
  <testcase name="FamilyselfBenefits" time="74.591" classname="com.ekincare.seleniumBenefits.AnnualHealthCheck"/>
</testsuite> <!-- com.ekincare.seleniumBenefits.AnnualHealthCheck -->
