<?xml version="1.0" encoding="UTF-8"?>
<!-- Generated by org.testng.reporters.JUnitReportReporter -->
<testsuite skipped="0" hostname="DESKTOP-74L2JAA" name="com.ekincare.selenium.health.MedicalReports" tests="4" failures="0" timestamp="2020-03-11T15:33:58 IST" time="216.333" errors="0">
  <testcase name="healthMRSelf" time="61.508" classname="com.ekincare.selenium.health.MedicalReports"/>
  <testcase name="healthMRSelfDelete" time="45.056" classname="com.ekincare.selenium.health.MedicalReports"/>
  <testcase name="healthMRFamily" time="63.083" classname="com.ekincare.selenium.health.MedicalReports"/>
  <testcase name="healthMRFamilyDelete" time="46.686" classname="com.ekincare.selenium.health.MedicalReports"/>
</testsuite> <!-- com.ekincare.selenium.health.MedicalReports -->
