<?xml version="1.0" encoding="UTF-8"?>
<!-- Generated by org.testng.reporters.JUnitReportReporter -->
<testsuite skipped="0" hostname="DESKTOP-74L2JAA" name="com.ekincare.seleniumImprove.Events" tests="3" failures="0" timestamp="2020-03-04T13:47:32 IST" time="151.602" errors="0">
  <testcase name="eventsGoing" time="51.121" classname="com.ekincare.seleniumImprove.Events"/>
  <testcase name="eventsnotGoing" time="52.270" classname="com.ekincare.seleniumImprove.Events"/>
  <testcase name="eventsNotsure" time="48.211" classname="com.ekincare.seleniumImprove.Events"/>
</testsuite> <!-- com.ekincare.seleniumImprove.Events -->
