<?xml version="1.0" encoding="UTF-8"?>
<!-- Generated by org.testng.reporters.JUnitReportReporter -->
<testsuite skipped="0" hostname="DESKTOP-74L2JAA" name="com.ekincare.selenium.benefits.AnnualHealthCheck" tests="3" failures="0" timestamp="2020-03-11T15:33:58 IST" time="218.770" errors="0">
  <testcase name="selfBenefits" time="71.360" classname="com.ekincare.selenium.benefits.AnnualHealthCheck"/>
  <testcase name="FamilyselfBenefits" time="72.327" classname="com.ekincare.selenium.benefits.AnnualHealthCheck"/>
  <testcase name="FamilyBenefits" time="75.083" classname="com.ekincare.selenium.benefits.AnnualHealthCheck"/>
</testsuite> <!-- com.ekincare.selenium.benefits.AnnualHealthCheck -->
