<?xml version="1.0" encoding="UTF-8"?>
<!-- Generated by org.testng.reporters.JUnitReportReporter -->
<testsuite skipped="0" hostname="AT-EK-LTPM018-Soni.local" name="com.ekincare.androidautomation.OrderMedicinesScenarioTest" tests="5" failures="0" timestamp="2020-02-20T15:12:33 IST" time="257.158" errors="0">
  <testcase name="pastUploadedWithoutAddressFamily" time="54.813" classname="com.ekincare.androidautomation.OrderMedicinesScenarioTest"/>
  <testcase name="pastUploadedDeleteAddressFamily" time="48.489" classname="com.ekincare.androidautomation.OrderMedicinesScenarioTest"/>
  <testcase name="pastUploadedWithoutAddressSelfPlusFamily" time="54.049" classname="com.ekincare.androidautomation.OrderMedicinesScenarioTest"/>
  <testcase name="pastUploadedWithAddressSelfPlusFamily" time="49.953" classname="com.ekincare.androidautomation.OrderMedicinesScenarioTest"/>
  <testcase name="pastUploadedDeleteAddressSelfPlusFamily" time="49.854" classname="com.ekincare.androidautomation.OrderMedicinesScenarioTest"/>
</testsuite> <!-- com.ekincare.androidautomation.OrderMedicinesScenarioTest -->
