<?xml version="1.0" encoding="UTF-8"?>
<!-- Generated by org.testng.reporters.JUnitReportReporter -->
<testsuite skipped="0" hostname="AT-EK-LTPM018-Soni.local" name="com.ekincare.androidautomation.OnePlusAppTest" tests="4" failures="0" timestamp="2020-02-18T17:49:56 IST" time="196.664" errors="0">
  <testcase name="healthCheckup" time="52.602" classname="com.ekincare.androidautomation.OnePlusAppTest"/>
  <testcase name="gymAndFitness" time="41.968" classname="com.ekincare.androidautomation.OnePlusAppTest"/>
  <testcase name="orderMedicinesWithoutAddress" time="63.291" classname="com.ekincare.androidautomation.OnePlusAppTest"/>
  <testcase name="orderMedicinesFromGallery" time="38.803" classname="com.ekincare.androidautomation.OnePlusAppTest"/>
</testsuite> <!-- com.ekincare.androidautomation.OnePlusAppTest -->
