<?xml version="1.0" encoding="UTF-8"?>
<!-- Generated by org.testng.reporters.JUnitReportReporter -->
<testsuite skipped="0" hostname="AT-EK-LTPM018-Soni.local" name="com.ekincare.androidautomation.GetStarted" tests="1" failures="0" timestamp="28 Feb 2020 05:26:29 GMT" time="70.383" errors="0">
  <testcase name="getStarted" time="70.383" classname="com.ekincare.androidautomation.GetStarted"/>
</testsuite> <!-- com.ekincare.androidautomation.GetStarted -->
