<?xml version="1.0" encoding="UTF-8"?>
<!-- Generated by org.testng.reporters.JUnitReportReporter -->
<testsuite skipped="0" hostname="AT-EK-LTPM018-Soni.local" name="com.ekincare.androidautomation.health.MedicalReports" tests="4" failures="0" timestamp="04 Mar 2020 10:37:46 GMT" time="169.849" errors="0">
  <testcase name="viewMedicalReport" time="47.003" classname="com.ekincare.androidautomation.health.MedicalReports"/>
  <testcase name="deleteMedicalReport" time="39.439" classname="com.ekincare.androidautomation.health.MedicalReports"/>
  <testcase name="viewMedicalReportFamily" time="45.396" classname="com.ekincare.androidautomation.health.MedicalReports"/>
  <testcase name="deleteMedicalReportFamily" time="38.011" classname="com.ekincare.androidautomation.health.MedicalReports"/>
</testsuite> <!-- com.ekincare.androidautomation.health.MedicalReports -->
