<?xml version="1.0" encoding="UTF-8"?>
<!-- Generated by org.testng.reporters.JUnitReportReporter -->
<testsuite skipped="0" hostname="AT-EK-LTPM018-Soni.local" name="com.ekincare.androidautomation.benefits.DentalCheckupTest" tests="1" failures="0" timestamp="13 Mar 2020 06:23:57 GMT" time="53.887" errors="0">
  <testcase name="dentalCheckup" time="53.887" classname="com.ekincare.androidautomation.benefits.DentalCheckupTest"/>
</testsuite> <!-- com.ekincare.androidautomation.benefits.DentalCheckupTest -->
