<?xml version="1.0" encoding="UTF-8"?>
<!-- Generated by org.testng.reporters.JUnitReportReporter -->
<testsuite skipped="0" hostname="DESKTOP-74L2JAA" name="com.ekincare.androidautomation.benefits.VisionCheckupTest" tests="1" failures="0" timestamp="23 Mar 2020 06:32:25 GMT" time="108.832" errors="0">
  <testcase name="visionCheckup" time="108.832" classname="com.ekincare.androidautomation.benefits.VisionCheckupTest"/>
</testsuite> <!-- com.ekincare.androidautomation.benefits.VisionCheckupTest -->
