<?xml version="1.0" encoding="UTF-8"?>
<!-- Generated by org.testng.reporters.JUnitReportReporter -->
<testsuite skipped="0" hostname="AT-EK-LTPM018-Soni.local" name="com.ekincare.androidautomation.home.TalkWithFamilyDoctorTest" tests="1" failures="0" timestamp="26 Feb 2020 09:22:13 GMT" time="50.318" errors="0">
  <testcase name="BookAppointmentWithFamilyMember" time="50.318" classname="com.ekincare.androidautomation.home.TalkWithFamilyDoctorTest"/>
</testsuite> <!-- com.ekincare.androidautomation.home.TalkWithFamilyDoctorTest -->
