<?xml version="1.0" encoding="UTF-8"?>
<!-- Generated by org.testng.reporters.JUnitReportReporter -->
<testsuite skipped="0" hostname="DESKTOP-74L2JAA" name="com.ekincare.androidautomation.LoginTest" tests="4" failures="0" timestamp="22 Mar 2020 11:17:54 GMT" time="167.727" errors="0">
  <testcase name="validUsernameInvalidPasswordTest" time="41.218" classname="com.ekincare.androidautomation.LoginTest"/>
  <testcase name="invalidUsernameValidPasswordTest" time="38.097" classname="com.ekincare.androidautomation.LoginTest"/>
  <testcase name="invalidUsernameInvalidPasswordTest" time="36.646" classname="com.ekincare.androidautomation.LoginTest"/>
  <testcase name="validUsernameValidPasswordTest" time="51.766" classname="com.ekincare.androidautomation.LoginTest"/>
</testsuite> <!-- com.ekincare.androidautomation.LoginTest -->
