<?xml version="1.0" encoding="UTF-8"?>
<!-- Generated by org.testng.reporters.JUnitReportReporter -->
<testsuite skipped="0" hostname="AT-EK-LTPM018-Soni.local" name="com.ekincare.androidautomation.improve.Events" tests="3" failures="0" timestamp="04 Mar 2020 10:38:01 GMT" time="131.144" errors="0">
  <testcase name="goingEvent" time="48.443" classname="com.ekincare.androidautomation.improve.Events"/>
  <testcase name="notGoingEvent" time="37.849" classname="com.ekincare.androidautomation.improve.Events"/>
  <testcase name="notSureEvent" time="44.852" classname="com.ekincare.androidautomation.improve.Events"/>
</testsuite> <!-- com.ekincare.androidautomation.improve.Events -->
