<?xml version="1.0" encoding="UTF-8"?>
<!-- Generated by org.testng.reporters.JUnitReportReporter -->
<testsuite skipped="0" hostname="AT-EK-LTPM018-Soni.local" name="com.ekincare.androidautomation.benefits.OrderMedicinesScenarioTest" tests="23" failures="0" timestamp="13 Mar 2020 12:21:35 GMT" time="1183.620" errors="0">
  <testcase name="medicineNameWithoutAddressSelf" time="55.571" classname="com.ekincare.androidautomation.benefits.OrderMedicinesScenarioTest"/>
  <testcase name="medicineNameWithAddressSelf" time="48.883" classname="com.ekincare.androidautomation.benefits.OrderMedicinesScenarioTest"/>
  <testcase name="medicineNameChangeAddressSelf" time="57.175" classname="com.ekincare.androidautomation.benefits.OrderMedicinesScenarioTest"/>
  <testcase name="medicineNameDeleteAddressPlusAddAddressSelf" time="61.061" classname="com.ekincare.androidautomation.benefits.OrderMedicinesScenarioTest"/>
  <testcase name="medicineNameDeleteAddressSelf" time="47.427" classname="com.ekincare.androidautomation.benefits.OrderMedicinesScenarioTest"/>
  <testcase name="pastUploadedWithoutAddressSelf" time="60.037" classname="com.ekincare.androidautomation.benefits.OrderMedicinesScenarioTest"/>
  <testcase name="pastUploadedWithAddressSelf" time="53.637" classname="com.ekincare.androidautomation.benefits.OrderMedicinesScenarioTest"/>
  <testcase name="pastUploadedChangeAddressSelf" time="61.725" classname="com.ekincare.androidautomation.benefits.OrderMedicinesScenarioTest"/>
  <testcase name="pastUploadedDeleteAddressPlusAddAddressSelf" time="58.793" classname="com.ekincare.androidautomation.benefits.OrderMedicinesScenarioTest"/>
  <testcase name="pastUploadedDeleteAddressSelf" time="47.169" classname="com.ekincare.androidautomation.benefits.OrderMedicinesScenarioTest"/>
  <testcase name="pastUploadedWithoutAddressFamily" time="49.454" classname="com.ekincare.androidautomation.benefits.OrderMedicinesScenarioTest"/>
  <testcase name="pastUploadedWithAddressFamily" time="41.352" classname="com.ekincare.androidautomation.benefits.OrderMedicinesScenarioTest"/>
  <testcase name="pastUploadedChangeAddressFamily" time="52.746" classname="com.ekincare.androidautomation.benefits.OrderMedicinesScenarioTest"/>
  <testcase name="pastUploadedDeleteAddressPlusAddAddressFamily" time="55.847" classname="com.ekincare.androidautomation.benefits.OrderMedicinesScenarioTest"/>
  <testcase name="pastUploadedDeleteAddressFamily" time="40.324" classname="com.ekincare.androidautomation.benefits.OrderMedicinesScenarioTest"/>
  <testcase name="pastUploadedWithoutAddressSelfPlusFamily" time="54.226" classname="com.ekincare.androidautomation.benefits.OrderMedicinesScenarioTest"/>
  <testcase name="pastUploadedWithAddressSelfPlusFamily" time="45.294" classname="com.ekincare.androidautomation.benefits.OrderMedicinesScenarioTest"/>
  <testcase name="pastUploadedDeleteAddressPlusAddAddressSelfPlusFamily" time="62.114" classname="com.ekincare.androidautomation.benefits.OrderMedicinesScenarioTest"/>
  <testcase name="pastUploadedDeleteAddressSelfPlusFamily" time="48.546" classname="com.ekincare.androidautomation.benefits.OrderMedicinesScenarioTest"/>
  <testcase name="fromGalleryWithoutAddress" time="46.378" classname="com.ekincare.androidautomation.benefits.OrderMedicinesScenarioTest"/>
  <testcase name="fromGalleryWithAddress" time="40.233" classname="com.ekincare.androidautomation.benefits.OrderMedicinesScenarioTest"/>
  <testcase name="fromGalleryDeleteAddressPlusAddAddress" time="53.627" classname="com.ekincare.androidautomation.benefits.OrderMedicinesScenarioTest"/>
  <testcase name="fromGalleryDeleteAddress" time="42.001" classname="com.ekincare.androidautomation.benefits.OrderMedicinesScenarioTest"/>
</testsuite> <!-- com.ekincare.androidautomation.benefits.OrderMedicinesScenarioTest -->
