<?xml version="1.0" encoding="UTF-8"?>
<!-- Generated by org.testng.reporters.JUnitReportReporter -->
<testsuite skipped="0" hostname="DESKTOP-74L2JAA" name="com.ekincare.androidautomation.profile.FamilyMembersTest" tests="2" failures="0" timestamp="23 Mar 2020 10:56:48 GMT" time="211.921" errors="0">
  <testcase name="addFamilyMember" time="85.028" classname="com.ekincare.androidautomation.profile.FamilyMembersTest"/>
  <testcase name="familyMemberHRA" time="126.893" classname="com.ekincare.androidautomation.profile.FamilyMembersTest"/>
</testsuite> <!-- com.ekincare.androidautomation.profile.FamilyMembersTest -->
