<?xml version="1.0" encoding="UTF-8"?>
<!-- Generated by org.testng.reporters.JUnitReportReporter -->
<testsuite skipped="0" hostname="AT-EK-LTPM018-Soni.local" name="com.ekincare.androidautomation.profile.FamilyMembers" tests="2" failures="0" timestamp="05 Mar 2020 06:46:04 GMT" time="123.915" errors="0">
  <testcase name="addFamilyMember" time="55.843" classname="com.ekincare.androidautomation.profile.FamilyMembers"/>
  <testcase name="familyMemberHRA" time="68.072" classname="com.ekincare.androidautomation.profile.FamilyMembers"/>
</testsuite> <!-- com.ekincare.androidautomation.profile.FamilyMembers -->
