<?xml version="1.0" encoding="UTF-8"?>
<!-- Generated by org.testng.reporters.JUnitReportReporter -->
<testsuite skipped="0" hostname="AT-EK-LTPM018-Soni.local" name="com.ekincare.androidautomation.HealthCheckupScenarioTest" tests="1" failures="0" timestamp="21 Feb 2020 06:27:31 GMT" time="59.944" errors="0">
  <testcase name="healthCheckupFamilyMember" time="59.944" classname="com.ekincare.androidautomation.HealthCheckupScenarioTest"/>
</testsuite> <!-- com.ekincare.androidautomation.HealthCheckupScenarioTest -->
