<?xml version="1.0" encoding="UTF-8"?>
<!-- Generated by org.testng.reporters.JUnitReportReporter -->
<testsuite skipped="0" hostname="DESKTOP-74L2JAA" name="com.ekincare.androidautomation.HomeTest" tests="12" failures="0" timestamp="22 Mar 2020 16:05:38 GMT" time="842.912" errors="0">
  <testcase name="medicineNameWithoutAddressSelf" time="126.973" classname="com.ekincare.androidautomation.HomeTest"/>
  <testcase name="medicineNameDeleteAddressSelf" time="80.726" classname="com.ekincare.androidautomation.HomeTest"/>
  <testcase name="healthCheckupSelf" time="108.871" classname="com.ekincare.androidautomation.HomeTest"/>
  <testcase name="healthCheckupFamilyMember" time="56.486" classname="com.ekincare.androidautomation.HomeTest"/>
  <testcase name="scheduleAppointment" time="68.762" classname="com.ekincare.androidautomation.HomeTest"/>
  <testcase name="talkWithDoctorSelf" time="68.893" classname="com.ekincare.androidautomation.HomeTest"/>
  <testcase name="viewAll" time="53.438" classname="com.ekincare.androidautomation.HomeTest"/>
  <testcase name="home" time="52.422" classname="com.ekincare.androidautomation.HomeTest"/>
  <testcase name="health" time="57.965" classname="com.ekincare.androidautomation.HomeTest"/>
  <testcase name="benefits" time="58.936" classname="com.ekincare.androidautomation.HomeTest"/>
  <testcase name="improve" time="53.749" classname="com.ekincare.androidautomation.HomeTest"/>
  <testcase name="notifications" time="55.691" classname="com.ekincare.androidautomation.HomeTest"/>
</testsuite> <!-- com.ekincare.androidautomation.HomeTest -->
