<?xml version="1.0" encoding="UTF-8"?>
<!-- Generated by org.testng.reporters.JUnitReportReporter -->
<testsuite skipped="0" hostname="DESKTOP-74L2JAA" name="com.ekincare.androidautomation.benefits.TalkWithDoctorTest" tests="2" failures="0" timestamp="23 Mar 2020 05:03:25 GMT" time="167.183" errors="0">
  <testcase name="talkWithDoctorSelf" time="72.915" classname="com.ekincare.androidautomation.benefits.TalkWithDoctorTest"/>
  <testcase name="talkWithDoctorFamily" time="94.268" classname="com.ekincare.androidautomation.benefits.TalkWithDoctorTest"/>
</testsuite> <!-- com.ekincare.androidautomation.benefits.TalkWithDoctorTest -->
