<?xml version="1.0" encoding="UTF-8"?>
<!-- Generated by org.testng.reporters.JUnitReportReporter -->
<testsuite skipped="0" hostname="AT-EK-LTPM018-Soni.local" name="com.ekincare.androidautomation.health.Insights" tests="1" failures="0" timestamp="04 Mar 2020 10:38:06 GMT" time="34.250" errors="0">
  <testcase name="userWellnessReport" time="34.250" classname="com.ekincare.androidautomation.health.Insights"/>
</testsuite> <!-- com.ekincare.androidautomation.health.Insights -->
