<?xml version="1.0" encoding="UTF-8"?>
<!-- Generated by org.testng.reporters.JUnitReportReporter -->
<testsuite skipped="0" hostname="DESKTOP-74L2JAA" name="com.ekincare.androidautomation.improve.EventsTest" tests="3" failures="0" timestamp="23 Mar 2020 11:33:39 GMT" time="230.798" errors="0">
  <testcase name="goingEvent" time="88.922" classname="com.ekincare.androidautomation.improve.EventsTest"/>
  <testcase name="notGoingEvent" time="69.641" classname="com.ekincare.androidautomation.improve.EventsTest"/>
  <testcase name="notSureEvent" time="72.235" classname="com.ekincare.androidautomation.improve.EventsTest"/>
</testsuite> <!-- com.ekincare.androidautomation.improve.EventsTest -->
