<?xml version="1.0" encoding="UTF-8"?>
<!-- Generated by org.testng.reporters.JUnitReportReporter -->
<testsuite skipped="0" hostname="DESKTOP-74L2JAA" name="com.ekincare.androidautomation.health.InsightsTest" tests="1" failures="0" timestamp="23 Mar 2020 08:51:52 GMT" time="60.171" errors="0">
  <testcase name="userWellnessReport" time="60.171" classname="com.ekincare.androidautomation.health.InsightsTest"/>
</testsuite> <!-- com.ekincare.androidautomation.health.InsightsTest -->
