<?xml version="1.0" encoding="UTF-8"?>
<!-- Generated by org.testng.reporters.JUnitReportReporter -->
<testsuite skipped="0" hostname="AT-EK-LTPM018-Soni.local" name="com.ekincare.androidautomation.benefits.DentalCheckup" tests="1" failures="0" timestamp="04 Mar 2020 05:57:42 GMT" time="33.153" errors="0">
  <testcase name="dentalCheckup" time="33.153" classname="com.ekincare.androidautomation.benefits.DentalCheckup"/>
</testsuite> <!-- com.ekincare.androidautomation.benefits.DentalCheckup -->
