<?xml version="1.0" encoding="UTF-8"?>
<!-- Generated by org.testng.reporters.JUnitReportReporter -->
<testsuite skipped="0" hostname="AT-EK-LTPM018-Soni.local" name="com.ekincare.androidautomation.benefits.TalkWithFamilyDoctorTest" tests="7" failures="0" timestamp="06 Mar 2020 08:36:25 GMT" time="451.506" errors="0">
  <testcase name="scheduleAppointment" time="50.190" classname="com.ekincare.androidautomation.benefits.TalkWithFamilyDoctorTest"/>
  <testcase name="addToCalender" time="57.323" classname="com.ekincare.androidautomation.benefits.TalkWithFamilyDoctorTest"/>
  <testcase name="scheduleAppointmentPlusReschedule" time="62.004" classname="com.ekincare.androidautomation.benefits.TalkWithFamilyDoctorTest"/>
  <testcase name="scheduleAppointmentPlusCancel" time="58.048" classname="com.ekincare.androidautomation.benefits.TalkWithFamilyDoctorTest"/>
  <testcase name="SchedulePlusReschedulePlusCancelAppointment" time="83.906" classname="com.ekincare.androidautomation.benefits.TalkWithFamilyDoctorTest"/>
  <testcase name="BookAppointmentWithFamilyMember" time="60.655" classname="com.ekincare.androidautomation.benefits.TalkWithFamilyDoctorTest"/>
  <testcase name="BookAppointmentAddFamilyMember" time="79.380" classname="com.ekincare.androidautomation.benefits.TalkWithFamilyDoctorTest"/>
</testsuite> <!-- com.ekincare.androidautomation.benefits.TalkWithFamilyDoctorTest -->
