<?xml version="1.0" encoding="UTF-8"?>
<!-- Generated by org.testng.reporters.JUnitReportReporter -->
<testsuite skipped="0" hostname="AT-EK-LTPM018-Soni.local" name="com.ekincare.androidautomation.benefits.TalkWithDoctorTest" tests="1" failures="0" timestamp="13 Mar 2020 07:43:12 GMT" time="114.276" errors="0">
  <testcase name="talkWithDoctorAddFamily" time="114.276" classname="com.ekincare.androidautomation.benefits.TalkWithDoctorTest"/>
</testsuite> <!-- com.ekincare.androidautomation.benefits.TalkWithDoctorTest -->
