<?xml version="1.0" encoding="UTF-8"?>
<!-- Generated by org.testng.reporters.JUnitReportReporter -->
<testsuite skipped="0" hostname="AT-EK-LTPM018-Soni.local" name="com.ekincare.androidautomation.HomeTest" tests="2" failures="0" timestamp="13 Mar 2020 06:20:46 GMT" time="88.619" errors="0">
  <testcase name="healthCheckupFamilyMember" time="57.736" classname="com.ekincare.androidautomation.HomeTest"/>
  <testcase name="benefits" time="30.883" classname="com.ekincare.androidautomation.HomeTest"/>
</testsuite> <!-- com.ekincare.androidautomation.HomeTest -->
