<?xml version="1.0" encoding="UTF-8"?>
<!-- Generated by org.testng.reporters.JUnitReportReporter -->
<testsuite skipped="0" hostname="AT-EK-LTPM018-Soni.local" name="com.ekincare.androidautomation.LoginTest" tests="1" failures="0" timestamp="16 Mar 2020 06:21:09 GMT" time="27.990" errors="0">
  <testcase name="invalidUsernameValidPasswordTest" time="27.990" classname="com.ekincare.androidautomation.LoginTest"/>
</testsuite> <!-- com.ekincare.androidautomation.LoginTest -->
