<?xml version="1.0" encoding="UTF-8"?>
<!-- Generated by org.testng.reporters.JUnitReportReporter -->
<testsuite skipped="0" hostname="AT-EK-LTPM018-Soni.local" name="com.ekincare.androidautomation.home.GymScenarioTest" tests="1" failures="0" timestamp="27 Feb 2020 09:30:25 GMT" time="47.281" errors="0">
  <testcase name="gymAndFitness" time="47.281" classname="com.ekincare.androidautomation.home.GymScenarioTest"/>
</testsuite> <!-- com.ekincare.androidautomation.home.GymScenarioTest -->
