<?xml version="1.0" encoding="UTF-8"?>
<!-- Generated by org.testng.reporters.JUnitReportReporter -->
<testsuite skipped="0" hostname="AT-EK-LTPM018-Soni.local" name="com.ekincare.androidautomation.improve.EventsTest" tests="3" failures="0" timestamp="13 Mar 2020 08:55:25 GMT" time="126.475" errors="0">
  <testcase name="goingEvent" time="49.764" classname="com.ekincare.androidautomation.improve.EventsTest"/>
  <testcase name="notGoingEvent" time="34.925" classname="com.ekincare.androidautomation.improve.EventsTest"/>
  <testcase name="notSureEvent" time="41.786" classname="com.ekincare.androidautomation.improve.EventsTest"/>
</testsuite> <!-- com.ekincare.androidautomation.improve.EventsTest -->
