<?xml version="1.0" encoding="UTF-8"?>
<!-- Generated by org.testng.reporters.JUnitReportReporter -->
<testsuite skipped="0" hostname="AT-EK-LTPM018-Soni.local" name="com.ekincare.androidautomation.improve.Challenges" tests="4" failures="0" timestamp="04 Mar 2020 10:37:31 GMT" time="170.452" errors="0">
  <testcase name="knowMore" time="37.745" classname="com.ekincare.androidautomation.improve.Challenges"/>
  <testcase name="startChallenges" time="39.058" classname="com.ekincare.androidautomation.improve.Challenges"/>
  <testcase name="stopChallenges" time="49.250" classname="com.ekincare.androidautomation.improve.Challenges"/>
  <testcase name="startAndRestartChallenges" time="44.399" classname="com.ekincare.androidautomation.improve.Challenges"/>
</testsuite> <!-- com.ekincare.androidautomation.improve.Challenges -->
