<?xml version="1.0" encoding="UTF-8"?>
<!-- Generated by org.testng.reporters.JUnitReportReporter -->
<testsuite skipped="0" hostname="AT-EK-LTPM018-Soni.local" name="com.ekincare.androidautomation.benefits.VisionCheckupTest" tests="1" failures="0" timestamp="13 Mar 2020 09:14:27 GMT" time="55.913" errors="0">
  <testcase name="visionCheckup" time="55.913" classname="com.ekincare.androidautomation.benefits.VisionCheckupTest"/>
</testsuite> <!-- com.ekincare.androidautomation.benefits.VisionCheckupTest -->
