<?xml version="1.0" encoding="UTF-8"?>
<!-- Generated by org.testng.reporters.JUnitReportReporter -->
<testsuite skipped="0" hostname="AT-EK-LTPM018-Soni.local" name="com.ekincare.androidautomation.health.MedicalReportsTest" tests="2" failures="0" timestamp="13 Mar 2020 08:59:54 GMT" time="81.656" errors="0">
  <testcase name="viewMedicalReport" time="45.070" classname="com.ekincare.androidautomation.health.MedicalReportsTest"/>
  <testcase name="deleteMedicalReport" time="36.586" classname="com.ekincare.androidautomation.health.MedicalReportsTest"/>
</testsuite> <!-- com.ekincare.androidautomation.health.MedicalReportsTest -->
