<?xml version="1.0" encoding="UTF-8"?>
<!-- Generated by org.testng.reporters.JUnitReportReporter -->
<testsuite skipped="0" hostname="AT-EK-LTPM018-Soni.local" name="com.ekincare.androidautomation.AppTest" tests="1" failures="0" timestamp="2020-02-13T16:53:41 IST" time="15.276" errors="0">
  <testcase name="realDevice" time="15.276" classname="com.ekincare.androidautomation.AppTest"/>
</testsuite> <!-- com.ekincare.androidautomation.AppTest -->
