<?xml version="1.0" encoding="UTF-8"?>
<!-- Generated by org.testng.reporters.JUnitReportReporter -->
<testsuite skipped="0" hostname="AT-EK-LTPM018-Soni.local" name="com.ekincare.androidautomation.home.HealthCheckupScenarioTest" tests="5" failures="0" timestamp="27 Feb 2020 11:39:15 GMT" time="292.997" errors="0">
  <testcase name="healthCheckupSelf" time="52.692" classname="com.ekincare.androidautomation.home.HealthCheckupScenarioTest"/>
  <testcase name="healthCheckupFamilyMember" time="58.302" classname="com.ekincare.androidautomation.home.HealthCheckupScenarioTest"/>
  <testcase name="annualhealthCheckupSelf" time="60.150" classname="com.ekincare.androidautomation.home.HealthCheckupScenarioTest"/>
  <testcase name="annualhealthCheckupFamilyMember" time="61.864" classname="com.ekincare.androidautomation.home.HealthCheckupScenarioTest"/>
  <testcase name="annualhealthCheckupSelfPlusFamilyMember" time="59.989" classname="com.ekincare.androidautomation.home.HealthCheckupScenarioTest"/>
</testsuite> <!-- com.ekincare.androidautomation.home.HealthCheckupScenarioTest -->
