<?xml version="1.0" encoding="UTF-8"?>
<!-- Generated by org.testng.reporters.JUnitReportReporter -->
<testsuite skipped="0" hostname="AT-EK-LTPM018-Soni.local" name="com.ekincare.androidautomation.health.InsightsTest" tests="1" failures="0" timestamp="13 Mar 2020 09:00:44 GMT" time="32.291" errors="0">
  <testcase name="userWellnessReport" time="32.291" classname="com.ekincare.androidautomation.health.InsightsTest"/>
</testsuite> <!-- com.ekincare.androidautomation.health.InsightsTest -->
