<?xml version="1.0" encoding="UTF-8"?>
<!-- Generated by org.testng.reporters.JUnitReportReporter -->
<testsuite skipped="0" hostname="AT-EK-LTPM018-Soni.local" name="com.ekincare.androidautomation.improve.ChallengesTest" tests="4" failures="0" timestamp="13 Mar 2020 09:04:10 GMT" time="161.565" errors="0">
  <testcase name="knowMore" time="36.277" classname="com.ekincare.androidautomation.improve.ChallengesTest"/>
  <testcase name="startChallenges" time="38.880" classname="com.ekincare.androidautomation.improve.ChallengesTest"/>
  <testcase name="stopChallenges" time="40.367" classname="com.ekincare.androidautomation.improve.ChallengesTest"/>
  <testcase name="startAndRestartChallenges" time="46.041" classname="com.ekincare.androidautomation.improve.ChallengesTest"/>
</testsuite> <!-- com.ekincare.androidautomation.improve.ChallengesTest -->
