<?xml version="1.0" encoding="UTF-8"?>
<!-- Generated by org.testng.reporters.JUnitReportReporter -->
<testsuite skipped="0" hostname="AT-EK-LTPM018-Soni.local" name="com.ekincare.androidautomation.profile.FamilyMembersTest" tests="2" failures="0" timestamp="06 Mar 2020 08:36:05 GMT" time="128.951" errors="0">
  <testcase name="addFamilyMember" time="57.059" classname="com.ekincare.androidautomation.profile.FamilyMembersTest"/>
  <testcase name="familyMemberHRA" time="71.892" classname="com.ekincare.androidautomation.profile.FamilyMembersTest"/>
</testsuite> <!-- com.ekincare.androidautomation.profile.FamilyMembersTest -->
