<?xml version="1.0" encoding="UTF-8"?>
<!-- Generated by org.testng.reporters.JUnitReportReporter -->
<testsuite skipped="0" hostname="AT-EK-LTPM018-Soni.local" name="com.ekincare.androidautomation.benefits.HealthCheckupScenarioTest" tests="3" failures="0" timestamp="13 Mar 2020 06:31:55 GMT" time="189.859" errors="0">
  <testcase name="annualhealthCheckupSelf" time="61.175" classname="com.ekincare.androidautomation.benefits.HealthCheckupScenarioTest"/>
  <testcase name="annualhealthCheckupFamilyMember" time="65.535" classname="com.ekincare.androidautomation.benefits.HealthCheckupScenarioTest"/>
  <testcase name="annualhealthCheckupSelfPlusFamilyMember" time="63.149" classname="com.ekincare.androidautomation.benefits.HealthCheckupScenarioTest"/>
</testsuite> <!-- com.ekincare.androidautomation.benefits.HealthCheckupScenarioTest -->
