<?xml version="1.0" encoding="UTF-8"?>
<!-- Generated by org.testng.reporters.JUnitReportReporter -->
<testsuite skipped="0" hostname="AT-EK-LTPM018-Soni.local" name="com.ekincare.androidautomation.benefits.GymScenarioTest" tests="1" failures="0" timestamp="13 Mar 2020 06:24:56 GMT" time="45.836" errors="0">
  <testcase name="gymAndFitness" time="45.836" classname="com.ekincare.androidautomation.benefits.GymScenarioTest"/>
</testsuite> <!-- com.ekincare.androidautomation.benefits.GymScenarioTest -->
