<?xml version="1.0" encoding="UTF-8"?>
<!-- Generated by org.testng.reporters.JUnitReportReporter -->
<testsuite skipped="0" hostname="AT-EK-LTPM018-Soni.local" name="com.ekincare.androidautomation.GymScenarioTest" tests="1" failures="0" timestamp="21 Feb 2020 05:30:34 GMT" time="45.300" errors="0">
  <testcase name="gymAndFitness" time="45.300" classname="com.ekincare.androidautomation.GymScenarioTest"/>
</testsuite> <!-- com.ekincare.androidautomation.GymScenarioTest -->
